<?xml version="1.0" encoding="UTF-8"?>
<testsuite xmlns:xsi="http://www.w3.org/2001/XMLSchema-instance" xsi:noNamespaceSchemaLocation="https://maven.apache.org/surefire/maven-surefire-plugin/xsd/surefire-test-report.xsd" name="com.learning.junit.testing.BasicParameterizedTest" time="0.13" tests="6" errors="0" skipped="4" failures="0">
  <properties>
[...]
</properties>
  <testcase name="test_MethodSource_MultipleParams{int, String}" classname="com.learning.junit.testing.BasicParameterizedTest" time="0">
    <skipped message="void com.learning.junit.testing.BasicParameterizedTest.test_MethodSource_MultipleParams(int,java.lang.String) is @Disabled"/>
  </testcase>
  <testcase name="testParameterizedTestWithValueSource{int}" classname="com.learning.junit.testing.BasicParameterizedTest" time="0">
    <skipped message="void com.learning.junit.testing.BasicParameterizedTest.testParameterizedTestWithValueSource(int) is @Disabled"/>
  </testcase>
  <testcase name="test_CsvSource{int, String}[1]" classname="com.learning.junit.testing.BasicParameterizedTest" time="0.05"/>
  <testcase name="test_CsvSource{int, String}[2]" classname="com.learning.junit.testing.BasicParameterizedTest" time="0.002"/>
  <testcase name="testMethodSource{String}" classname="com.learning.junit.testing.BasicParameterizedTest" time="0">
    <skipped message="void com.learning.junit.testing.BasicParameterizedTest.testMethodSource(java.lang.String) is @Disabled"/>
  </testcase>
  <testcase name="testEnumSource{Days}" classname="com.learning.junit.testing.BasicParameterizedTest" time="0">
    <skipped message="void com.learning.junit.testing.BasicParameterizedTest.testEnumSource(com.learning.junit.testing.BasicParameterizedTest$Days) is @Disabled"/>
  </testcase>
</testsuite>